foundry.mjs:179488 _______________________________________________________________
 _____ ___  _   _ _   _ ____  ______   __ __     _______ _____
|  ___/ _ \| | | | \ | |  _ \|  _ \ \ / / \ \   / |_   _|_   _|
| |_ | | | | | | |  \| | | | | |_) \ V /   \ \ / /  | |   | |
|  _|| |_| | |_| | |\  | |_| |  _ < | |     \ V /   | |   | |
|_|   \___/ \___/|_| \_|____/|_| \_\|_|      \_/    |_|   |_|
===============================================================
foundry.mjs:179489 Foundry VTT | Foundry Virtual Tabletop ESModule loaded
foundry.mjs:179501 Foundry VTT | Reestablishing existing session 6b00f3f73ae344d209c2fb19
foundry.mjs:167405 Foundry VTT | Connected to server socket using session 6b00f3f73ae344d209c2fb19
foundry.mjs:167559 Foundry VTT | Initializing Foundry Virtual Tabletop Game
system.js:978 Neuroshima 1.5 | Rejestracja handlerów Socketlib
system.js:29 Neuroshima 1.5 | Inicjalizacja systemu
foundry.mjs:69360 Foundry VTT | Retrieved and compiled template systems/neuroshima/templates/actor/parts/actor-header.hbs
foundry.mjs:69360 Foundry VTT | Retrieved and compiled template systems/neuroshima/templates/actor/parts/actor-info.hbs
foundry.mjs:69360 Foundry VTT | Retrieved and compiled template systems/neuroshima/templates/actor/parts/actor-attributes.hbs
foundry.mjs:69360 Foundry VTT | Retrieved and compiled template systems/neuroshima/templates/actor/parts/actor-skills.hbs
foundry.mjs:69360 Foundry VTT | Retrieved and compiled template systems/neuroshima/templates/actor/parts/actor-tricks.hbs
foundry.mjs:166391 Foundry VTT | Loaded localization file systems/neuroshima/lang/pl.json
foundry.mjs:69360 Foundry VTT | Retrieved and compiled template systems/neuroshima/templates/actor/parts/actor-combat.hbs
foundry.mjs:69360 Foundry VTT | Retrieved and compiled template systems/neuroshima/templates/actor/parts/actor-inventory.hbs
foundry.mjs:69360 Foundry VTT | Retrieved and compiled template systems/neuroshima/templates/actor/parts/actor-notes.hbs
foundry.mjs:69360 Foundry VTT | Retrieved and compiled template systems/neuroshima/templates/actor/parts/wounds-paper-doll.hbs
foundry.mjs:69360 Foundry VTT | Retrieved and compiled template systems/neuroshima/templates/actor/parts/wounds-list.hbs
foundry.mjs:69360 Foundry VTT | Retrieved and compiled template systems/neuroshima/templates/item/item-sheet.hbs
foundry.mjs:69360 Foundry VTT | Retrieved and compiled template systems/neuroshima/templates/item/item-header.hbs
foundry.mjs:69360 Foundry VTT | Retrieved and compiled template systems/neuroshima/templates/item/item-details.hbs
foundry.mjs:69360 Foundry VTT | Retrieved and compiled template systems/neuroshima/templates/item/item-effects.hbs
foundry.mjs:69360 Foundry VTT | Retrieved and compiled template systems/neuroshima/templates/item/parts/weapon-melee.hbs
foundry.mjs:166391 Foundry VTT | Loaded localization file lang/en.json
foundry.mjs:69360 Foundry VTT | Retrieved and compiled template systems/neuroshima/templates/item/parts/weapon-ranged.hbs
foundry.mjs:69360 Foundry VTT | Retrieved and compiled template systems/neuroshima/templates/item/parts/weapon-thrown.hbs
foundry.mjs:69360 Foundry VTT | Retrieved and compiled template systems/neuroshima/templates/item/parts/ammo-details.hbs
foundry.mjs:69360 Foundry VTT | Retrieved and compiled template systems/neuroshima/templates/item/parts/wound-details.hbs
foundry.mjs:69360 Foundry VTT | Retrieved and compiled template systems/neuroshima/templates/item/parts/magazine-details.hbs
foundry.mjs:69360 Foundry VTT | Retrieved and compiled template systems/neuroshima/templates/item/parts/ammunition-details.hbs
foundry.mjs:69360 Foundry VTT | Retrieved and compiled template systems/neuroshima/templates/apps/healing-config.hbs
foundry.mjs:69360 Foundry VTT | Retrieved and compiled template systems/neuroshima/templates/apps/healing-app-main.hbs
foundry.mjs:166391 Foundry VTT | Loaded localization file systems/neuroshima/lang/en.json
foundry.mjs:69360 Foundry VTT | Retrieved and compiled template systems/neuroshima/templates/apps/healing-app-header.hbs
foundry.mjs:69360 Foundry VTT | Retrieved and compiled template systems/neuroshima/templates/apps/encumbrance-config.hbs
foundry.mjs:69360 Foundry VTT | Retrieved and compiled template systems/neuroshima/templates/apps/edit-roll-dialog.hbs
foundry.mjs:69360 Foundry VTT | Retrieved and compiled template systems/neuroshima/templates/apps/debug-roll-dialog.hbs
foundry.mjs:69360 Foundry VTT | Retrieved and compiled template systems/neuroshima/templates/apps/combat-config.hbs
foundry.mjs:69360 Foundry VTT | Retrieved and compiled template systems/neuroshima/templates/chat/weapon-roll-card.hbs
foundry.mjs:69360 Foundry VTT | Retrieved and compiled template systems/neuroshima/templates/chat/roll-card.hbs
foundry.mjs:69360 Foundry VTT | Retrieved and compiled template systems/neuroshima/templates/chat/patient-card.hbs
foundry.mjs:69360 Foundry VTT | Retrieved and compiled template systems/neuroshima/templates/chat/pain-resistance-report.hbs
foundry.mjs:69360 Foundry VTT | Retrieved and compiled template systems/neuroshima/templates/chat/rest-report.hbs
foundry.mjs:69360 Foundry VTT | Retrieved and compiled template systems/neuroshima/templates/chat/healing-roll-card.hbs
foundry.mjs:69360 Foundry VTT | Retrieved and compiled template systems/neuroshima/templates/chat/healing-request.hbs
foundry.mjs:69360 Foundry VTT | Retrieved and compiled template systems/neuroshima/templates/dialog/rest-dialog.hbs
foundry.mjs:6703 Error: You are accessing the global "getTemplate" which is now namespaced under foundry.applications.handlebars.getTemplate
Deprecated since Version 13
Backwards-compatible support will be removed in Version 15
    at logCompatibilityWarning (foundry.mjs:6691:17)
    at get (foundry.mjs:179469:9)
    at Object.fn (system.js:466:30)
logCompatibilityWarning @ foundry.mjs:6703
get @ foundry.mjs:179469
(anonymous) @ system.js:466
await in (anonymous)
#call @ foundry.mjs:23656
callAll @ foundry.mjs:23615
initialize @ foundry.mjs:167562
window.addEventListener.once @ foundry.mjs:179512
system.js:471 Neuroshima 1.5 | Szablony wczytane
foundry.mjs:166007 Foundry VTT | Synchronized official game time in 1ms
foundry.mjs:69360 Foundry VTT | Retrieved and compiled template templates/ui/scene-navigation.hbs
foundry.mjs:69360 Foundry VTT | Retrieved and compiled template templates/sidebar/tabs.hbs
foundry.mjs:69360 Foundry VTT | Retrieved and compiled template templates/sidebar/tab.hbs
foundry.mjs:69360 Foundry VTT | Retrieved and compiled template templates/ui/players.hbs
foundry.mjs:69360 Foundry VTT | Retrieved and compiled template templates/ui/hotbar.hbs
foundry.mjs:69360 Foundry VTT | Retrieved and compiled template templates/ui/scene-controls-layers.hbs
foundry.mjs:69360 Foundry VTT | Retrieved and compiled template templates/ui/scene-controls-tools.hbs
foundry.mjs:69360 Foundry VTT | Retrieved and compiled template templates/sidebar/tabs/chat/log.hbs
foundry.mjs:69360 Foundry VTT | Retrieved and compiled template templates/sidebar/tabs/chat/notifications.hbs
foundry.mjs:69360 Foundry VTT | Retrieved and compiled template templates/sidebar/tabs/chat/input.hbs
foundry.mjs:69360 Foundry VTT | Retrieved and compiled template templates/sidebar/tabs/combat/header.hbs
foundry.mjs:69360 Foundry VTT | Retrieved and compiled template templates/sidebar/tabs/combat/tracker.hbs
foundry.mjs:69360 Foundry VTT | Retrieved and compiled template templates/sidebar/tabs/combat/footer.hbs
foundry.mjs:69360 Foundry VTT | Retrieved and compiled template systems/neuroshima/templates/sidebar/combat-tracker-tabs.hbs
foundry.mjs:69360 Foundry VTT | Retrieved and compiled template systems/neuroshima/templates/sidebar/melee-view.hbs
foundry.mjs:69360 Foundry VTT | Retrieved and compiled template templates/sidebar/directory/header.hbs
foundry.mjs:69360 Foundry VTT | Retrieved and compiled template templates/sidebar/directory/directory.hbs
foundry.mjs:69360 Foundry VTT | Retrieved and compiled template templates/sidebar/partials/scene-partial.hbs
foundry.mjs:69360 Foundry VTT | Retrieved and compiled template templates/sidebar/partials/folder-partial.hbs
foundry.mjs:69360 Foundry VTT | Retrieved and compiled template templates/sidebar/directory/footer.hbs
foundry.mjs:69360 Foundry VTT | Retrieved and compiled template templates/sidebar/partials/document-partial.hbs
foundry.mjs:69360 Foundry VTT | Retrieved and compiled template templates/sidebar/tabs/playlist/controls.hbs
foundry.mjs:69360 Foundry VTT | Retrieved and compiled template templates/sidebar/tabs/playlist/playlist-partial.hbs
foundry.mjs:69360 Foundry VTT | Retrieved and compiled template templates/sidebar/tabs/playlist/playing.hbs
foundry.mjs:69360 Foundry VTT | Retrieved and compiled template templates/sidebar/tabs/playlist/sound-partial.hbs
foundry.mjs:69360 Foundry VTT | Retrieved and compiled template templates/sidebar/tabs/compendiums.hbs
foundry.mjs:69360 Foundry VTT | Retrieved and compiled template templates/sidebar/partials/pack-partial.hbs
foundry.mjs:69360 Foundry VTT | Retrieved and compiled template templates/sidebar/tabs/settings.hbs
foundry.mjs:69360 Foundry VTT | Retrieved and compiled template templates/sidebar/chat-message.hbs
foundry.mjs:78486 Foundry VTT | Fonts loaded and ready.
foundry.mjs:45809 Foundry VTT | Viewing Scene Scene
foundry.mjs:96836 Foundry VTT | Drawing game canvas for scene Scene
foundry.mjs:87009 Foundry VTT | Loading 52 Assets
foundry.mjs:87950 Foundry VTT | Drawing the HiddenCanvasGroup canvas group
foundry.mjs:87950 Foundry VTT | Drawing the RenderedCanvasGroup canvas group
foundry.mjs:87950 Foundry VTT | Drawing the EnvironmentCanvasGroup canvas group
foundry.mjs:87950 Foundry VTT | Drawing the PrimaryCanvasGroup canvas group
foundry.mjs:92840 Foundry VTT | Drawing the WeatherEffects canvas layer
foundry.mjs:87950 Foundry VTT | Drawing the EffectsCanvasGroup canvas group
foundry.mjs:92840 Foundry VTT | Drawing the CanvasBackgroundAlterationEffects canvas layer
foundry.mjs:92840 Foundry VTT | Drawing the CanvasIlluminationEffects canvas layer
foundry.mjs:92840 Foundry VTT | Drawing the CanvasColorationEffects canvas layer
foundry.mjs:92840 Foundry VTT | Drawing the CanvasDarknessEffects canvas layer
foundry.mjs:87950 Foundry VTT | Drawing the CanvasVisibility canvas group
worker.js:72 Worker TextureCompressor of FogExtractor | Initialized Worker
foundry.mjs:87950 Foundry VTT | Drawing the InterfaceCanvasGroup canvas group
foundry.mjs:92840 Foundry VTT | Drawing the GridLayer canvas layer
foundry.mjs:92840 Foundry VTT | Drawing the RegionLayer canvas layer
foundry.mjs:92840 Foundry VTT | Drawing the DrawingsLayer canvas layer
foundry.mjs:92840 Foundry VTT | Drawing the TemplateLayer canvas layer
foundry.mjs:92840 Foundry VTT | Drawing the TilesLayer canvas layer
foundry.mjs:92840 Foundry VTT | Drawing the WallsLayer canvas layer
foundry.mjs:92840 Foundry VTT | Drawing the TokenLayer canvas layer
foundry.mjs:69360 Foundry VTT | Retrieved and compiled template templates/hud/waypoint-label.hbs
foundry.mjs:92840 Foundry VTT | Drawing the SoundsLayer canvas layer
foundry.mjs:92840 Foundry VTT | Drawing the LightingLayer canvas layer
foundry.mjs:92840 Foundry VTT | Drawing the NotesLayer canvas layer
foundry.mjs:92840 Foundry VTT | Drawing the ControlsLayer canvas layer
foundry.mjs:87950 Foundry VTT | Drawing the OverlayCanvasGroup canvas group
foundry.mjs:167467 Applying buffered socket event: userActivity
system.js:59 Neuroshima 1.5 | Tryb debugowania jest WŁĄCZONY
system.js:476 Neuroshima 1.5 | System gotowy
foundry.mjs:69360 Foundry VTT | Retrieved and compiled template templates/hud/token-hud.hbs
system.js:59 Neuroshima 1.5 | _prepareContext selectedWoundLocation {value: 'torso', type: 'string'}
system.js:64 Neuroshima 1.5 | CombatHelper | generatePatientCard
system.js:59 Neuroshima 1.5 | Generowanie karty pacjenta: {actorName: 'Wojownik A', hpValue: 0, hpMax: 27, systemHp: {…}, systemHealth: undefined}
system.js:59 Neuroshima 1.5 | Znalezione rany: {count: 0, wounds: Array(0)}
system.js:59 Neuroshima 1.5 | Karta pacjenta wygenerowana: {actorName: 'Wojownik A', currentHP: 0, totalHP: 27, woundCount: 0}
system.js:59 Neuroshima 1.5 | Filtering locations for template {selectedLocationKey: 'torso', foundSelectedLocation: true, locationsForTemplateCount: 1, allLocationsCount: 6, selectedLocationLabel: 'Tors', …}
system.js:59 Neuroshima 1.5 | _prepareContext meleePendings sync {actorName: 'Wojownik A', myUuids: Array(1), allPendings: {…}}
system.js:59 Neuroshima 1.5 | _prepareContext context.combat.selectedWoundLocation {value: 'torso', patientDataLocationsCount: 6, locations: Array(6)}
foundry.mjs:69360 Foundry VTT | Retrieved and compiled template templates/generic/tab-navigation.hbs
foundry.mjs:69360 Foundry VTT | Retrieved and compiled template systems/neuroshima/templates/actor/parts/wounds-paper-doll-partial.hbs
foundry.mjs:69360 Foundry VTT | Retrieved and compiled template systems/neuroshima/templates/actor/parts/wounds-list-partial.hbs
system.js:59 Neuroshima 1.5 | _initializeWoundLocationPanel {hotspotsFound: 6, selectedLocation: 'torso', targetFound: true}
system.js:59 Neuroshima 1.5 | _onPaperDollLocationSelect visually marking hotspot {locationKey: 'torso'}
system.js:59 Neuroshima 1.5 | Paper doll location selected visually {location: 'torso'}
system.js:64 Neuroshima 1.5 | _onRollWeapon: Pięści
system.js:59 Neuroshima 1.5 | Inicjalizacja rzutu bronią
system.js:59 Neuroshima 1.5 | Otwieranie dialogu rzutu z dystansem: 0
foundry.mjs:69360 Foundry VTT | Retrieved and compiled template systems/neuroshima/templates/dialog/initiative-roll-dialog.hbs
game:1 Autofocus processing was blocked because a document already has a focused element.
system.js:59 Neuroshima 1.5 | Usuwanie oczekującego starcia (Dismiss): Scene.23nkGjmJumYiP8pD.Token.kiY9mWk5IBaO2Bhr
system.js:59 Neuroshima 1.5 | _prepareContext selectedWoundLocation {value: 'torso', type: 'string'}
system.js:64 Neuroshima 1.5 | CombatHelper | generatePatientCard
system.js:59 Neuroshima 1.5 | Generowanie karty pacjenta: {actorName: 'Wojownik A', hpValue: 0, hpMax: 27, systemHp: {…}, systemHealth: undefined}
system.js:59 Neuroshima 1.5 | Znalezione rany: {count: 0, wounds: Array(0)}
system.js:59 Neuroshima 1.5 | Karta pacjenta wygenerowana: {actorName: 'Wojownik A', currentHP: 0, totalHP: 27, woundCount: 0}
system.js:59 Neuroshima 1.5 | Filtering locations for template {selectedLocationKey: 'torso', foundSelectedLocation: true, locationsForTemplateCount: 1, allLocationsCount: 6, selectedLocationLabel: 'Tors', …}
system.js:59 Neuroshima 1.5 | _prepareContext meleePendings sync {actorName: 'Wojownik A', myUuids: Array(1), allPendings: {…}}
system.js:59 Neuroshima 1.5 | _prepareContext context.combat.selectedWoundLocation {value: 'torso', patientDataLocationsCount: 6, locations: Array(6)}
system.js:59 Neuroshima 1.5 | Usunięto pomyślnie oczekujące starcie.
system.js:59 Neuroshima 1.5 | _initializeWoundLocationPanel {hotspotsFound: 6, selectedLocation: 'torso', targetFound: true}
system.js:59 Neuroshima 1.5 | _onPaperDollLocationSelect visually marking hotspot {locationKey: 'torso'}
system.js:59 Neuroshima 1.5 | Paper doll location selected visually {location: 'torso'}
system.js:64 Neuroshima 1.5 | Rzut na Inicjatywę: Wojownik A
dice.js:745 Neuroshima | rollTest started {stat: 12, skill: 0, label: 'Inicjatywa Zwarcia', actor: 'Wojownik A', isInitiative: true}
system.js:64 Neuroshima 1.5 | Inicjalizacja testu: Inicjatywa Zwarcia
dice.js:771 Neuroshima | rollTest internal values {stat: 12, attributeBonus: 0, finalStat: 12, finalSkill: 0}
dice.js:772 Neuroshima | Evaluating roll 3d20...
dice.js:775 Neuroshima | Roll evaluated: 52
system.js:59 Neuroshima 1.5 | Parametry testu {stat: 12, skill: 0, kary: 0, prog: 7, suwak: 2}
system.js:59 Neuroshima 1.5 | Surowe wyniki kości (3) [20, 17, 15]
system.js:59 Neuroshima 1.5 | Ewaluacja: TEST OTWARTY
system.js:59 Neuroshima 1.5 | _evaluateOpenTest: Ignoruję kość D1 (20). Pula: 0
system.js:59 Neuroshima 1.5 | Wyniki po modyfikacji (użycie umiejętności) (3) [{…}, {…}, {…}]
foundry.mjs:69360 Foundry VTT | Retrieved and compiled template systems/neuroshima/templates/chat/initiative-roll-card.hbs
system.js:59 Neuroshima 1.5 | Wynik inicjatywy: -10
system.js:59 Neuroshima 1.5 | Inicjalizacja nowego Pendingu.
system.js:59 Neuroshima 1.5 | MeleeCombat | initiateMeleePending {attackerUuid: 'Actor.jOHQX2JY72qnZ2D0', defenderUuid: 'Scene.23nkGjmJumYiP8pD.Token.kiY9mWk5IBaO2Bhr', attackerInitiative: -10}
system.js:59 Neuroshima 1.5 | _prepareContext selectedWoundLocation {value: 'torso', type: 'string'}
system.js:64 Neuroshima 1.5 | CombatHelper | generatePatientCard
system.js:59 Neuroshima 1.5 | Generowanie karty pacjenta: {actorName: 'Wojownik A', hpValue: 0, hpMax: 27, systemHp: {…}, systemHealth: undefined}
system.js:59 Neuroshima 1.5 | Znalezione rany: {count: 0, wounds: Array(0)}
system.js:59 Neuroshima 1.5 | Karta pacjenta wygenerowana: {actorName: 'Wojownik A', currentHP: 0, totalHP: 27, woundCount: 0}
system.js:59 Neuroshima 1.5 | Filtering locations for template {selectedLocationKey: 'torso', foundSelectedLocation: true, locationsForTemplateCount: 1, allLocationsCount: 6, selectedLocationLabel: 'Tors', …}
system.js:59 Neuroshima 1.5 | _prepareContext meleePendings sync {actorName: 'Wojownik A', myUuids: Array(1), allPendings: {…}}
system.js:59 Neuroshima 1.5 | _prepareContext context.combat.selectedWoundLocation {value: 'torso', patientDataLocationsCount: 6, locations: Array(6)}
system.js:59 Neuroshima 1.5 | Ustawiono flagę meleePendings.Scene-23nkGjmJumYiP8pD-Token-kiY9mWk5IBaO2Bhr {id: 'Scene.23nkGjmJumYiP8pD.Token.kiY9mWk5IBaO2Bhr', attackerId: 'Actor.jOHQX2JY72qnZ2D0', defenderId: 'Scene.23nkGjmJumYiP8pD.Token.kiY9mWk5IBaO2Bhr', attackerName: 'Wojownik A', defenderName: 'Wojownik B', …}
foundry.mjs:117311 NEUROSHIMA.MeleeDuel.PendingNotification 
system.js:59 Neuroshima 1.5 | _initializeWoundLocationPanel {hotspotsFound: 6, selectedLocation: 'torso', targetFound: true}
system.js:59 Neuroshima 1.5 | _onPaperDollLocationSelect visually marking hotspot {locationKey: 'torso'}
system.js:59 Neuroshima 1.5 | Paper doll location selected visually {location: 'torso'}
system.js:59 Neuroshima 1.5 | _prepareContext selectedWoundLocation {value: 'torso', type: 'string'}
system.js:64 Neuroshima 1.5 | CombatHelper | generatePatientCard
system.js:59 Neuroshima 1.5 | Generowanie karty pacjenta: {actorName: 'Wojownik B', hpValue: 0, hpMax: 27, systemHp: {…}, systemHealth: undefined}
system.js:59 Neuroshima 1.5 | Znalezione rany: {count: 0, wounds: Array(0)}
system.js:59 Neuroshima 1.5 | Karta pacjenta wygenerowana: {actorName: 'Wojownik B', currentHP: 0, totalHP: 27, woundCount: 0}
system.js:59 Neuroshima 1.5 | Filtering locations for template {selectedLocationKey: 'torso', foundSelectedLocation: true, locationsForTemplateCount: 1, allLocationsCount: 6, selectedLocationLabel: 'Tors', …}
system.js:59 Neuroshima 1.5 | _prepareContext meleePendings sync {actorName: 'Wojownik B', myUuids: Array(1), allPendings: {…}}
system.js:59 Neuroshima 1.5 | _prepareContext context.combat.selectedWoundLocation {value: 'torso', patientDataLocationsCount: 6, locations: Array(6)}
system.js:59 Neuroshima 1.5 | _initializeWoundLocationPanel {hotspotsFound: 6, selectedLocation: 'torso', targetFound: true}
system.js:59 Neuroshima 1.5 | _onPaperDollLocationSelect visually marking hotspot {locationKey: 'torso'}
system.js:59 Neuroshima 1.5 | Paper doll location selected visually {location: 'torso'}
system.js:64 Neuroshima 1.5 | _onRollWeapon: Pięści
system.js:59 Neuroshima 1.5 | Inicjalizacja rzutu bronią
system.js:59 Neuroshima 1.5 | Brak aktywnych targetów, przechodzę do trybu wyboru na mapie
system.js:59 Neuroshima 1.5 | _waitForTarget: Rozpoczynam przechwytywanie kliknięcia (window capture)
foundry.mjs:117311 Wybierz cel na mapie (LPM), aby zmierzyć dystans. PPM, aby anulować. 
system.js:59 Neuroshima 1.5 | _waitForTarget: Pozycja kliknięcia (world): {x: 2644.392411929578, y: 2072.0959002606724}
system.js:59 Neuroshima 1.5 | _waitForTarget: Wybrano token: Wojownik A. Ustawiam jako target.
dice.js:1283 Neuroshima 1.5 | measureDistance Debug (V13)
dice.js:1284 Pozycja 1: q {x: 2750, y: 2050}
dice.js:1285 Pozycja 2: q {x: 2650, y: 2050}
dice.js:1286 Wynik measurePath: {waypoints: Array(2), segments: Array(1), distance: 1, cost: 1, spaces: 1, …}
dice.js:1287 Skala sceny (grid): 100 px = 1 m
system.js:59 Neuroshima 1.5 | _waitForTarget: Obliczony dystans do tokena: 1m
system.js:59 Neuroshima 1.5 | Otrzymano dane z mapy: {distance: 1, token: Token}
system.js:59 Neuroshima 1.5 | Otwieranie dialogu rzutu z dystansem: 1
system.js:64 Neuroshima 1.5 | Rzut na Inicjatywę: Wojownik B
dice.js:745 Neuroshima | rollTest started {stat: 6, skill: 0, label: 'Inicjatywa Zwarcia', actor: 'Wojownik B', isInitiative: true}
system.js:64 Neuroshima 1.5 | Inicjalizacja testu: Inicjatywa Zwarcia
dice.js:771 Neuroshima | rollTest internal values {stat: 6, attributeBonus: 0, finalStat: 6, finalSkill: 0}
dice.js:772 Neuroshima | Evaluating roll 3d20...
dice.js:775 Neuroshima | Roll evaluated: 53
system.js:59 Neuroshima 1.5 | Parametry testu {stat: 6, skill: 0, kary: 0, prog: 4, suwak: 1}
system.js:59 Neuroshima 1.5 | Surowe wyniki kości (3) [16, 18, 19]
system.js:59 Neuroshima 1.5 | Ewaluacja: TEST OTWARTY
system.js:59 Neuroshima 1.5 | _evaluateOpenTest: Ignoruję kość D3 (19). Pula: 0
system.js:59 Neuroshima 1.5 | Wyniki po modyfikacji (użycie umiejętności) (3) [{…}, {…}, {…}]
system.js:59 Neuroshima 1.5 | Wynik inicjatywy: -14
system.js:59 Neuroshima 1.5 | Inicjalizacja nowego Pendingu.
system.js:59 Neuroshima 1.5 | MeleeCombat | initiateMeleePending {attackerUuid: 'Actor.PxYDwX8lOQI2xNwr', defenderUuid: 'Scene.23nkGjmJumYiP8pD.Token.99EsgerOtKXK7gdr', attackerInitiative: -14}
system.js:59 Neuroshima 1.5 | _prepareContext selectedWoundLocation {value: 'torso', type: 'string'}
system.js:64 Neuroshima 1.5 | CombatHelper | generatePatientCard
system.js:59 Neuroshima 1.5 | Generowanie karty pacjenta: {actorName: 'Wojownik A', hpValue: 0, hpMax: 27, systemHp: {…}, systemHealth: undefined}
system.js:59 Neuroshima 1.5 | Znalezione rany: {count: 0, wounds: Array(0)}
system.js:59 Neuroshima 1.5 | Karta pacjenta wygenerowana: {actorName: 'Wojownik A', currentHP: 0, totalHP: 27, woundCount: 0}
system.js:59 Neuroshima 1.5 | Filtering locations for template {selectedLocationKey: 'torso', foundSelectedLocation: true, locationsForTemplateCount: 1, allLocationsCount: 6, selectedLocationLabel: 'Tors', …}
system.js:59 Neuroshima 1.5 | _prepareContext meleePendings sync {actorName: 'Wojownik A', myUuids: Array(1), allPendings: {…}}
system.js:59 Neuroshima 1.5 | _prepareContext context.combat.selectedWoundLocation {value: 'torso', patientDataLocationsCount: 6, locations: Array(6)}
system.js:59 Neuroshima 1.5 | _prepareContext selectedWoundLocation {value: 'torso', type: 'string'}
system.js:64 Neuroshima 1.5 | CombatHelper | generatePatientCard
system.js:59 Neuroshima 1.5 | Generowanie karty pacjenta: {actorName: 'Wojownik B', hpValue: 0, hpMax: 27, systemHp: {…}, systemHealth: undefined}
system.js:59 Neuroshima 1.5 | Znalezione rany: {count: 0, wounds: Array(0)}
system.js:59 Neuroshima 1.5 | Karta pacjenta wygenerowana: {actorName: 'Wojownik B', currentHP: 0, totalHP: 27, woundCount: 0}
system.js:59 Neuroshima 1.5 | Filtering locations for template {selectedLocationKey: 'torso', foundSelectedLocation: true, locationsForTemplateCount: 1, allLocationsCount: 6, selectedLocationLabel: 'Tors', …}
system.js:59 Neuroshima 1.5 | _prepareContext meleePendings sync {actorName: 'Wojownik B', myUuids: Array(1), allPendings: {…}}
system.js:59 Neuroshima 1.5 | _prepareContext context.combat.selectedWoundLocation {value: 'torso', patientDataLocationsCount: 6, locations: Array(6)}
system.js:59 Neuroshima 1.5 | Ustawiono flagę meleePendings.Scene-23nkGjmJumYiP8pD-Token-99EsgerOtKXK7gdr {id: 'Scene.23nkGjmJumYiP8pD.Token.99EsgerOtKXK7gdr', attackerId: 'Actor.PxYDwX8lOQI2xNwr', defenderId: 'Scene.23nkGjmJumYiP8pD.Token.99EsgerOtKXK7gdr', attackerName: 'Wojownik B', defenderName: 'Wojownik A', …}
foundry.mjs:117311 NEUROSHIMA.MeleeDuel.PendingNotification 
system.js:59 Neuroshima 1.5 | _initializeWoundLocationPanel {hotspotsFound: 6, selectedLocation: 'torso', targetFound: true}
system.js:59 Neuroshima 1.5 | _onPaperDollLocationSelect visually marking hotspot {locationKey: 'torso'}
system.js:59 Neuroshima 1.5 | Paper doll location selected visually {location: 'torso'}
system.js:59 Neuroshima 1.5 | _initializeWoundLocationPanel {hotspotsFound: 6, selectedLocation: 'torso', targetFound: true}
system.js:59 Neuroshima 1.5 | _onPaperDollLocationSelect visually marking hotspot {locationKey: 'torso'}
system.js:59 Neuroshima 1.5 | Paper doll location selected visually {location: 'torso'}
system.js:59 Neuroshima 1.5 | _prepareContext selectedWoundLocation {value: 'torso', type: 'string'}
system.js:64 Neuroshima 1.5 | CombatHelper | generatePatientCard
system.js:59 Neuroshima 1.5 | Generowanie karty pacjenta: {actorName: 'Wojownik B', hpValue: 0, hpMax: 27, systemHp: {…}, systemHealth: undefined}
system.js:59 Neuroshima 1.5 | Znalezione rany: {count: 0, wounds: Array(0)}
system.js:59 Neuroshima 1.5 | Karta pacjenta wygenerowana: {actorName: 'Wojownik B', currentHP: 0, totalHP: 27, woundCount: 0}
system.js:59 Neuroshima 1.5 | Filtering locations for template {selectedLocationKey: 'torso', foundSelectedLocation: true, locationsForTemplateCount: 1, allLocationsCount: 6, selectedLocationLabel: 'Tors', …}
system.js:59 Neuroshima 1.5 | _prepareContext meleePendings sync {actorName: 'Wojownik B', myUuids: Array(1), allPendings: {…}}
system.js:59 Neuroshima 1.5 | _prepareContext context.combat.selectedWoundLocation {value: 'torso', patientDataLocationsCount: 6, locations: Array(6)}
system.js:59 Neuroshima 1.5 | _initializeWoundLocationPanel {hotspotsFound: 6, selectedLocation: 'torso', targetFound: true}
system.js:59 Neuroshima 1.5 | _onPaperDollLocationSelect visually marking hotspot {locationKey: 'torso'}
system.js:59 Neuroshima 1.5 | Paper doll location selected visually {location: 'torso'}
foundry.mjs:117311 Zostałeś zaatakowany w zwarciu! Rzuć na inicjatywę, aby odpowiedzieć. 
system.js:59 Neuroshima 1.5 | _prepareContext selectedWoundLocation {value: 'torso', type: 'string'}
system.js:64 Neuroshima 1.5 | CombatHelper | generatePatientCard
system.js:59 Neuroshima 1.5 | Generowanie karty pacjenta: {actorName: 'Wojownik B', hpValue: 0, hpMax: 27, systemHp: {…}, systemHealth: undefined}
system.js:59 Neuroshima 1.5 | Znalezione rany: {count: 0, wounds: Array(0)}
system.js:59 Neuroshima 1.5 | Karta pacjenta wygenerowana: {actorName: 'Wojownik B', currentHP: 0, totalHP: 27, woundCount: 0}
system.js:59 Neuroshima 1.5 | Filtering locations for template {selectedLocationKey: 'torso', foundSelectedLocation: true, locationsForTemplateCount: 1, allLocationsCount: 6, selectedLocationLabel: 'Tors', …}
system.js:59 Neuroshima 1.5 | _prepareContext meleePendings sync {actorName: 'Wojownik B', myUuids: Array(1), allPendings: {…}}
system.js:59 Neuroshima 1.5 | _prepareContext context.combat.selectedWoundLocation {value: 'torso', patientDataLocationsCount: 6, locations: Array(6)}
system.js:59 Neuroshima 1.5 | _initializeWoundLocationPanel {hotspotsFound: 6, selectedLocation: 'torso', targetFound: true}
system.js:59 Neuroshima 1.5 | _onPaperDollLocationSelect visually marking hotspot {locationKey: 'torso'}
system.js:59 Neuroshima 1.5 | Paper doll location selected visually {location: 'torso'}
