VM555:1 Console was cleared
undefined
system.js:64 Neuroshima 1.5 | _onRollWeapon: Łom
system.js:59 Neuroshima 1.5 | Inicjalizacja rzutu bronią
system.js:59 Neuroshima 1.5 | Brak aktywnych targetów, przechodzę do trybu wyboru na mapie
system.js:59 Neuroshima 1.5 | _waitForTarget: Rozpoczynam przechwytywanie kliknięcia (window capture)
foundry.mjs:117311 Wybierz cel na mapie (LPM), aby zmierzyć dystans. PPM, aby anulować. 
system.js:59 Neuroshima 1.5 | _waitForTarget: Pozycja kliknięcia (world): {x: 2565.7830530493256, y: 1940.1377855489447}
system.js:59 Neuroshima 1.5 | _waitForTarget: Wybrano token: Wojownik B. Ustawiam jako target.
dice.js:1283 Neuroshima 1.5 | measureDistance Debug (V13)
dice.js:1284 Pozycja 1: q {x: 2450, y: 1950}
dice.js:1285 Pozycja 2: q {x: 2550, y: 1950}
dice.js:1286 Wynik measurePath: {waypoints: Array(2), segments: Array(1), distance: 1, cost: 1, spaces: 1, …}
dice.js:1287 Skala sceny (grid): 100 px = 1 m
system.js:59 Neuroshima 1.5 | _waitForTarget: Obliczony dystans do tokena: 1m
system.js:59 Neuroshima 1.5 | Otrzymano dane z mapy: {distance: 1, token: Token}
system.js:59 Neuroshima 1.5 | Otwieranie dialogu rzutu z dystansem: 1
system.js:64 Neuroshima 1.5 | Rzut na Inicjatywę: Wojownik A
dice.js:745 Neuroshima | rollTest started {stat: 12, skill: 0, label: 'Inicjatywa Zwarcia', actor: 'Wojownik A', isInitiative: true}
system.js:64 Neuroshima 1.5 | Inicjalizacja testu: Inicjatywa Zwarcia
dice.js:771 Neuroshima | rollTest internal values {stat: 12, attributeBonus: 0, finalStat: 12, finalSkill: 0}
dice.js:772 Neuroshima | Evaluating roll 3d20...
dice.js:775 Neuroshima | Roll evaluated: 42
system.js:59 Neuroshima 1.5 | Parametry testu {stat: 12, skill: 0, kary: 0, prog: 10, suwak: 1}
system.js:59 Neuroshima 1.5 | Surowe wyniki kości (3) [18, 19, 5]
system.js:59 Neuroshima 1.5 | Ewaluacja: TEST OTWARTY
system.js:59 Neuroshima 1.5 | _evaluateOpenTest: Ignoruję kość D2 (19). Pula: 0
system.js:59 Neuroshima 1.5 | Wyniki po modyfikacji (użycie umiejętności) (3) [{…}, {…}, {…}]
system.js:59 Neuroshima 1.5 | Wynik inicjatywy: -8
system.js:59 Neuroshima 1.5 | Inicjalizacja oczekiwania na starcie (Pending): {attackerId: '1l80qroEh1dBXk6a', defenderId: 'Scene.eN97BIftIFkzi3vH.Token.A1RBbncvoONJsCFT', attackerInitiative: -8}
system.js:59 Neuroshima 1.5 | _prepareContext selectedWoundLocation {value: 'torso', type: 'string'}
system.js:64 Neuroshima 1.5 | CombatHelper | generatePatientCard
system.js:59 Neuroshima 1.5 | Generowanie karty pacjenta: {actorName: 'Wojownik A', hpValue: 0, hpMax: 27, systemHp: {…}, systemHealth: undefined}
system.js:59 Neuroshima 1.5 | Znalezione rany: {count: 0, wounds: Array(0)}
system.js:59 Neuroshima 1.5 | Karta pacjenta wygenerowana: {actorName: 'Wojownik A', currentHP: 0, totalHP: 27, woundCount: 0}
system.js:59 Neuroshima 1.5 | Filtering locations for template {selectedLocationKey: 'torso', foundSelectedLocation: true, locationsForTemplateCount: 1, allLocationsCount: 6, selectedLocationLabel: 'Tors', …}
system.js:59 Neuroshima 1.5 | _prepareContext context.combat.selectedWoundLocation {value: 'torso', patientDataLocationsCount: 6, locations: Array(6)}
system.js:59 Neuroshima 1.5 | _prepareContext selectedWoundLocation {value: 'torso', type: 'string'}
system.js:64 Neuroshima 1.5 | CombatHelper | generatePatientCard
system.js:59 Neuroshima 1.5 | Generowanie karty pacjenta: {actorName: 'Wojownik B', hpValue: 0, hpMax: 27, systemHp: {…}, systemHealth: undefined}
system.js:59 Neuroshima 1.5 | Znalezione rany: {count: 0, wounds: Array(0)}
system.js:59 Neuroshima 1.5 | Karta pacjenta wygenerowana: {actorName: 'Wojownik B', currentHP: 0, totalHP: 27, woundCount: 0}
system.js:59 Neuroshima 1.5 | Filtering locations for template {selectedLocationKey: 'torso', foundSelectedLocation: true, locationsForTemplateCount: 1, allLocationsCount: 6, selectedLocationLabel: 'Tors', …}
system.js:59 Neuroshima 1.5 | _prepareContext context.combat.selectedWoundLocation {value: 'torso', patientDataLocationsCount: 6, locations: Array(6)}
system.js:59 Neuroshima 1.5 | Ustawiono flagę meleePendings.bazGr3qVnB3XLc7y
foundry.mjs:117311 NEUROSHIMA.MeleeDuel.PendingNotification 
system.js:59 Neuroshima 1.5 | _initializeWoundLocationPanel {hotspotsFound: 6, selectedLocation: 'torso', targetFound: true}
system.js:59 Neuroshima 1.5 | _onPaperDollLocationSelect visually marking hotspot {locationKey: 'torso'}
system.js:59 Neuroshima 1.5 | Paper doll location selected visually {location: 'torso'}
system.js:59 Neuroshima 1.5 | _initializeWoundLocationPanel {hotspotsFound: 6, selectedLocation: 'torso', targetFound: true}
system.js:59 Neuroshima 1.5 | _onPaperDollLocationSelect visually marking hotspot {locationKey: 'torso'}
system.js:59 Neuroshima 1.5 | Paper doll location selected visually {location: 'torso'}
system.js:64 Neuroshima 1.5 | _onRollWeapon: Maczeta
system.js:59 Neuroshima 1.5 | Inicjalizacja rzutu bronią
system.js:59 Neuroshima 1.5 | Brak aktywnych targetów, przechodzę do trybu wyboru na mapie
system.js:59 Neuroshima 1.5 | _waitForTarget: Rozpoczynam przechwytywanie kliknięcia (window capture)
foundry.mjs:117311 Wybierz cel na mapie (LPM), aby zmierzyć dystans. PPM, aby anulować. 
system.js:59 Neuroshima 1.5 | _waitForTarget: Pozycja kliknięcia (world): {x: 2460.2517335652346, y: 1949.9153441356425}
system.js:59 Neuroshima 1.5 | _waitForTarget: Wybrano token: Wojownik A. Ustawiam jako target.
dice.js:1283 Neuroshima 1.5 | measureDistance Debug (V13)
dice.js:1284 Pozycja 1: q {x: 2550, y: 1950}
dice.js:1285 Pozycja 2: q {x: 2450, y: 1950}
dice.js:1286 Wynik measurePath: {waypoints: Array(2), segments: Array(1), distance: 1, cost: 1, spaces: 1, …}
dice.js:1287 Skala sceny (grid): 100 px = 1 m
system.js:59 Neuroshima 1.5 | _waitForTarget: Obliczony dystans do tokena: 1m
system.js:59 Neuroshima 1.5 | Otrzymano dane z mapy: {distance: 1, token: Token}
system.js:59 Neuroshima 1.5 | Otwieranie dialogu rzutu z dystansem: 1
system.js:64 Neuroshima 1.5 | Rzut na Inicjatywę: Wojownik B
dice.js:745 Neuroshima | rollTest started {stat: 12, skill: 0, label: 'Inicjatywa Zwarcia', actor: 'Wojownik B', isInitiative: true}
system.js:64 Neuroshima 1.5 | Inicjalizacja testu: Inicjatywa Zwarcia
dice.js:771 Neuroshima | rollTest internal values {stat: 12, attributeBonus: 0, finalStat: 12, finalSkill: 0}
dice.js:772 Neuroshima | Evaluating roll 3d20...
dice.js:775 Neuroshima | Roll evaluated: 47
system.js:59 Neuroshima 1.5 | Parametry testu {stat: 12, skill: 0, kary: 0, prog: 10, suwak: 1}
system.js:59 Neuroshima 1.5 | Surowe wyniki kości (3) [19, 11, 17]
system.js:59 Neuroshima 1.5 | Ewaluacja: TEST OTWARTY
system.js:59 Neuroshima 1.5 | _evaluateOpenTest: Ignoruję kość D1 (19). Pula: 0
system.js:59 Neuroshima 1.5 | Wyniki po modyfikacji (użycie umiejętności) (3) [{…}, {…}, {…}]
system.js:59 Neuroshima 1.5 | Wynik inicjatywy: -7
system.js:59 Neuroshima 1.5 | Inicjalizacja oczekiwania na starcie (Pending): {attackerId: 'bazGr3qVnB3XLc7y', defenderId: 'Scene.eN97BIftIFkzi3vH.Token.CMxE5YQ7KyNxU6sG', attackerInitiative: -7}
system.js:59 Neuroshima 1.5 | _prepareContext selectedWoundLocation {value: 'torso', type: 'string'}
system.js:64 Neuroshima 1.5 | CombatHelper | generatePatientCard
system.js:59 Neuroshima 1.5 | Generowanie karty pacjenta: {actorName: 'Wojownik A', hpValue: 0, hpMax: 27, systemHp: {…}, systemHealth: undefined}
system.js:59 Neuroshima 1.5 | Znalezione rany: {count: 0, wounds: Array(0)}
system.js:59 Neuroshima 1.5 | Karta pacjenta wygenerowana: {actorName: 'Wojownik A', currentHP: 0, totalHP: 27, woundCount: 0}
system.js:59 Neuroshima 1.5 | Filtering locations for template {selectedLocationKey: 'torso', foundSelectedLocation: true, locationsForTemplateCount: 1, allLocationsCount: 6, selectedLocationLabel: 'Tors', …}
system.js:59 Neuroshima 1.5 | _prepareContext context.combat.selectedWoundLocation {value: 'torso', patientDataLocationsCount: 6, locations: Array(6)}
system.js:59 Neuroshima 1.5 | _prepareContext selectedWoundLocation {value: 'torso', type: 'string'}
system.js:64 Neuroshima 1.5 | CombatHelper | generatePatientCard
system.js:59 Neuroshima 1.5 | Generowanie karty pacjenta: {actorName: 'Wojownik B', hpValue: 0, hpMax: 27, systemHp: {…}, systemHealth: undefined}
system.js:59 Neuroshima 1.5 | Znalezione rany: {count: 0, wounds: Array(0)}
system.js:59 Neuroshima 1.5 | Karta pacjenta wygenerowana: {actorName: 'Wojownik B', currentHP: 0, totalHP: 27, woundCount: 0}
system.js:59 Neuroshima 1.5 | Filtering locations for template {selectedLocationKey: 'torso', foundSelectedLocation: true, locationsForTemplateCount: 1, allLocationsCount: 6, selectedLocationLabel: 'Tors', …}
system.js:59 Neuroshima 1.5 | _prepareContext context.combat.selectedWoundLocation {value: 'torso', patientDataLocationsCount: 6, locations: Array(6)}
system.js:59 Neuroshima 1.5 | Ustawiono flagę meleePendings.1l80qroEh1dBXk6a
foundry.mjs:117311 NEUROSHIMA.MeleeDuel.PendingNotification 
system.js:59 Neuroshima 1.5 | _initializeWoundLocationPanel {hotspotsFound: 6, selectedLocation: 'torso', targetFound: true}
system.js:59 Neuroshima 1.5 | _onPaperDollLocationSelect visually marking hotspot {locationKey: 'torso'}
system.js:59 Neuroshima 1.5 | Paper doll location selected visually {location: 'torso'}
system.js:59 Neuroshima 1.5 | _initializeWoundLocationPanel {hotspotsFound: 6, selectedLocation: 'torso', targetFound: true}
system.js:59 Neuroshima 1.5 | _onPaperDollLocationSelect visually marking hotspot {locationKey: 'torso'}
system.js:59 Neuroshima 1.5 | Paper doll location selected visually {location: 'torso'}
